<?xml version="1.0" encoding="UTF-8" ?>
<testsuite tests="25" failures="0" name="runners.TestRunner" time="27.337" errors="0" skipped="0">
  <properties>
[...]
</properties>
  <testcase classname="Petstore" name="&quot;CT 001&quot; - Cadastrar Pet" time="5.354"/>
  <testcase classname="Petstore" name="&quot;CT 002&quot; - Cadastrar Pet" time="0.918"/>
  <testcase classname="Petstore" name="&quot;CT 003&quot; - Cadastrar Pet" time="0.911"/>
  <testcase classname="Petstore" name="&quot;CT 004&quot; - Cadastrar Pet" time="0.895"/>
  <testcase classname="Petstore" name="&quot;CT 005&quot; - Cadastrar Pet" time="0.889"/>
  <testcase classname="Petstore" name="&quot;CT 006&quot; - Cadastrar Pet" time="0.883"/>
  <testcase classname="Petstore" name="&quot;CT 007&quot; - Cadastrar Pet" time="1.031"/>
  <testcase classname="Petstore" name="&quot;CT 008&quot; - Cadastrar Pet" time="0.971"/>
  <testcase classname="Petstore" name="&quot;CT 009&quot; - Cadastrar Pet" time="0.868"/>
  <testcase classname="Petstore" name="&quot;CT 010&quot; - Cadastrar Pet" time="0.887"/>
  <testcase classname="Petstore" name="&quot;CT 001&quot; - Cadastrar Usuário" time="1.049"/>
  <testcase classname="Petstore" name="&quot;CT 002&quot; - Cadastrar Usuário" time="0.817"/>
  <testcase classname="Petstore" name="&quot;CT 003&quot; - Cadastrar Usuário" time="0.831"/>
  <testcase classname="Petstore" name="&quot;CT 004&quot; - Cadastrar Usuário" time="0.858"/>
  <testcase classname="Petstore" name="&quot;CT 005&quot; - Cadastrar Usuário" time="0.845"/>
  <testcase classname="Petstore" name="&quot;CT 001&quot; - Fazer venda de pet" time="0.94"/>
  <testcase classname="Petstore" name="&quot;CT 002&quot; - Fazer venda de pet" time="0.802"/>
  <testcase classname="Petstore" name="&quot;CT 003&quot; - Fazer venda de pet" time="0.948"/>
  <testcase classname="Petstore" name="&quot;CT 004&quot; - Fazer venda de pet" time="0.918"/>
  <testcase classname="Petstore" name="&quot;CT 005&quot; - Fazer venda de pet" time="0.87"/>
  <testcase classname="Petstore" name="&quot;CT 006&quot; - Fazer venda de pet" time="0.885"/>
  <testcase classname="Petstore" name="&quot;CT 007&quot; - Fazer venda de pet" time="1.202"/>
  <testcase classname="Petstore" name="&quot;CT 008&quot; - Fazer venda de pet" time="0.947"/>
  <testcase classname="Petstore" name="&quot;CT 009&quot; - Fazer venda de pet" time="0.923"/>
  <testcase classname="Petstore" name="&quot;CT 010&quot; - Fazer venda de pet" time="0.895"/>
</testsuite>